nohup: ignoring input
Found 744 file(s) — loading with 4 worker(s)...
  exactEarth_20250801_024859Z_b9ab56f4-b5b5-49ed-8875-fb7ae6b2d8e7.csv: 6,318 rows
  exactEarth_20250801_001505Z_c7a238c8-f936-44fd-a292-411fc382e139.csv: 7,758 rows
  exactEarth_20250801_005710Z_a74bb468-a092-4567-8bb6-14694c901d9d.csv: 5,717 rows
  exactEarth_20250731_234316Z_409d4999-883e-4db8-a808-dac3437c3a05.csv: 6,062 rows
  exactEarth_20250801_064557Z_abdb64cd-f717-45a7-bef3-1e066abdfbd1.csv: 3,919 rows
  exactEarth_20250801_035720Z_a426e559-6bd2-4dc7-a9bf-6aa1b81aa66b.csv: 7,153 rows
  exactEarth_20250801_045701Z_de6fc67e-6d7d-466c-84f0-00e7bcd3c708.csv: 5,073 rows
  exactEarth_20250801_051820Z_79b3c115-cf1c-4bf5-acc1-dd638f55122a.csv: 5,352 rows
  exactEarth_20250801_104449Z_5c8fde0c-264a-4031-b388-ec48955c2ab3.csv: 4,924 rows
  exactEarth_20250801_075800Z_60186855-4c83-42a8-a083-2184002bbdf4.csv: 4,956 rows
  exactEarth_20250801_094618Z_e2b41c8b-bf12-4947-872f-9502f3692134.csv: 5,837 rows
  exactEarth_20250801_085732Z_1db0b456-4b43-477a-b1e5-1a93a6fcb830.csv: 4,701 rows
  exactEarth_20250801_134419Z_6004f9e4-87d9-4c78-bd01-158c52ef36eb.csv: 4,931 rows
  exactEarth_20250801_125740Z_0f0e1bbe-a7a9-4399-9985-024cc844809a.csv: 5,490 rows
  exactEarth_20250801_113830Z_5bde34c6-7ca8-4fd5-a306-56dc331ce3e8.csv: 4,840 rows
  exactEarth_20250801_145756Z_0b8c2d50-b9f6-4867-abe1-fd05a2419f96.csv: 5,817 rows
  exactEarth_20250801_155703Z_18433550-8e39-4ee0-9f3d-1baf4112a904.csv: 4,899 rows
  exactEarth_20250801_165412Z_f855eb10-5d61-436f-8c56-707a2f9b5537.csv: 5,595 rows
  exactEarth_20250801_174732Z_68055cd4-4284-4901-b676-5785cd14f8ee.csv: 5,325 rows
  exactEarth_20250801_185606Z_e7edac7b-e744-4b03-bf7c-8de4d87d0509.csv: 4,472 rows
  exactEarth_20250801_195617Z_db3e986a-26f9-453a-a5d9-ce386928b59c.csv: 5,047 rows
  exactEarth_20250801_204436Z_dfe95e35-a587-41a0-a2b2-a7b782987ad6.csv: 3,796 rows
  exactEarth_20250801_214809Z_75859e59-41ae-4891-9059-9fbea240d14a.csv: 4,892 rows
  exactEarth_20250801_225105Z_dbebec0c-2866-4172-a6c3-277ba627f15b.csv: 7,161 rows
  exactEarth_20250802_004659Z_eebaf562-5e11-44c6-8025-c936af3d74ba.csv: 5,158 rows
  exactEarth_20250802_014915Z_b35384ab-b232-4d3d-bf5b-ce89e52dbff6.csv: 6,940 rows
  exactEarth_20250801_234453Z_be63468c-6863-42a3-9c1d-7864e9868cc1.csv: 5,145 rows
  exactEarth_20250802_025402Z_eb38e7f1-e574-4928-bfb1-dbcdaa7e1cd5.csv: 8,383 rows
  exactEarth_20250802_045206Z_9e025cd7-d595-4cdc-ad63-a89747f553fd.csv: 5,667 rows
  exactEarth_20250802_035653Z_f1d13c22-8bd1-4a17-a216-5df7523a0932.csv: 7,321 rows
  exactEarth_20250802_054225Z_5937fe74-726a-49ae-ba4a-1aca7e56d869.csv: 6,096 rows
  exactEarth_20250802_065628Z_05aad215-3266-42ca-9060-4e6891c2110b.csv: 3,636 rows
  exactEarth_20250802_085404Z_69693bb5-8648-498d-a523-a2c93f7feac8.csv: 5,384 rows
  exactEarth_20250802_075403Z_d5327d6c-ca79-467c-a013-d66753dfdc37.csv: 6,439 rows
  exactEarth_20250802_094023Z_58f67a03-6e41-425d-b68c-5d4de4239c73.csv: 5,099 rows
  exactEarth_20250802_095143Z_7033a838-0241-4e8a-90f4-a80c683a1677.csv: 4,823 rows
  exactEarth_20250802_125456Z_b3dafff7-e6a9-4c28-a07e-d68b44dc2ea4.csv: 6,270 rows
  exactEarth_20250802_105254Z_8dfc4d52-b2c6-40ad-bcbc-1cc4cef8f6b9.csv: 5,705 rows
  exactEarth_20250802_144225Z_b8ac82c1-c633-4ef0-8638-5d2f6c800c59.csv: 5,969 rows
  exactEarth_20250802_135812Z_c35e9efa-5b45-481a-92f6-0f839ffb67fe.csv: 5,903 rows
  exactEarth_20250802_175111Z_55dbd692-9e5a-4e21-95e1-9c964c4c78d7.csv: 6,039 rows
  exactEarth_20250802_154425Z_b0160e0c-ebeb-4fa6-8227-1cb0e3edc136.csv: 7,991 rows
  exactEarth_20250802_164800Z_519109f3-72ce-4168-9ffe-c967ab575f9b.csv: 5,428 rows
  exactEarth_20250802_185714Z_fd017fd9-a519-4764-8d81-64c9cc956ac6.csv: 4,431 rows
  exactEarth_20250802_194845Z_979f5475-5605-4b33-b2a9-f0cb831fd290.csv: 4,037 rows
  exactEarth_20250802_214651Z_0c523bb7-9f21-4148-aa48-204703f1f6a2.csv: 6,082 rows
  exactEarth_20250802_224642Z_e8da9582-cfd3-4ee2-b5ca-8c4d5a4a5362.csv: 7,166 rows
  exactEarth_20250802_204642Z_dd960faf-47ba-4fd3-8920-f20f6fa2f7ce.csv: 4,328 rows
  exactEarth_20250803_014420Z_134e44d1-cc83-4dae-8c69-00f5b1d8d6c1.csv: 6,813 rows
  exactEarth_20250802_234334Z_fda799e6-fd63-46a7-bd28-b28980266ae0.csv: 5,860 rows
  exactEarth_20250803_004243Z_3e81e556-c202-421a-90ba-c541d659eae8.csv: 6,879 rows
  exactEarth_20250803_025646Z_a33a7d7c-0c96-4287-a35a-462ff5e119ce.csv: 11,012 rows
  exactEarth_20250803_044329Z_0fe58daa-ed54-404d-9e54-101158da96c1.csv: 6,132 rows
  exactEarth_20250803_035618Z_a025ba47-2282-4248-818e-ec364138a7e1.csv: 8,218 rows
  exactEarth_20250803_055008Z_c272ea39-e497-4c37-9922-7ec776a5ebad.csv: 6,175 rows
  exactEarth_20250803_064948Z_6f9584dc-7bd7-49dc-8ff8-23ae842603f3.csv: 4,842 rows
  exactEarth_20250803_085301Z_c064d6f1-7fa3-463e-8a87-2e3db2788edd.csv: 5,938 rows
  exactEarth_20250803_074300Z_4f517c69-7a91-4f27-a358-1ce02e0fcf53.csv: 5,855 rows
  exactEarth_20250803_105631Z_3085a294-bf22-4bf5-952f-73cd09c3e021.csv: 5,599 rows
  exactEarth_20250803_094638Z_9cb785f5-f6b9-4aa5-80a1-67913b115d28.csv: 6,110 rows
  exactEarth_20250803_115303Z_e31c9f7d-7e6c-4c34-95dc-e7a86f63473d.csv: 3,675 rows
  exactEarth_20250803_125704Z_871d5369-65d5-4b50-9f78-b9561bf37fe7.csv: 5,830 rows
  exactEarth_20250803_143947Z_301a9a06-8472-48c0-9718-be379927082d.csv: 6,767 rows
  exactEarth_20250803_135134Z_213d37d9-9ff5-4745-bf54-e005dadd5e29.csv: 5,210 rows
  exactEarth_20250803_155422Z_aceddafe-b6ab-416c-952b-279175a08a10.csv: 5,966 rows
  exactEarth_20250803_185519Z_cd00a70d-c7d9-4947-be61-77a8f0c5ad72.csv: 4,148 rows
  exactEarth_20250803_164457Z_f049d198-3458-4187-b7a4-b8bac7b6ce85.csv: 5,930 rows
  exactEarth_20250803_174045Z_b78917f8-7994-4aa3-9f0c-35c2105498da.csv: 4,758 rows
  exactEarth_20250803_194143Z_28a09e40-0726-417d-b9eb-0adbcece4662.csv: 5,106 rows
  exactEarth_20250803_215622Z_d1826be5-625d-490a-bc9a-904f915e17eb.csv: 6,339 rows
  exactEarth_20250803_204521Z_69020e7b-0c43-4b50-a442-fda633df95e0.csv: 4,192 rows
  exactEarth_20250803_225521Z_12428572-f3eb-4f83-9185-c07b3765319e.csv: 6,867 rows
  exactEarth_20250803_235445Z_f291c4f7-213f-4a9e-9ce7-e1d8edca1159.csv: 4,832 rows
  exactEarth_20250804_004337Z_51b087cc-d797-402f-bb22-284da7b4deb8.csv: 5,865 rows
  exactEarth_20250804_025402Z_86265c6b-b0c6-4ffc-9f66-3ed27746d8d9.csv: 5,537 rows
  exactEarth_20250804_015819Z_a44c8a13-d3a2-4e2e-bd9c-14ede15fd1db.csv: 9,684 rows
  exactEarth_20250804_034541Z_6f65cd99-3756-4a76-96f2-926a7a2a6752.csv: 7,255 rows
  exactEarth_20250804_044826Z_a9e44ef2-ec26-45d9-8ffb-30f259300808.csv: 6,138 rows
  exactEarth_20250804_054121Z_e71c1cd4-9465-4acd-a445-608c59ce6c5c.csv: 5,892 rows
  exactEarth_20250804_064939Z_32962ffd-2aaa-4068-83dc-e57297c27fab.csv: 5,761 rows
  exactEarth_20250804_085734Z_44df0101-9e19-4fe5-aeb6-04ebf6e66bdf.csv: 5,817 rows
  exactEarth_20250804_074249Z_6e7f7fa6-664c-4dac-a9fa-c2b1c662c53f.csv: 5,569 rows
  exactEarth_20250804_094930Z_fd47322f-772e-4316-96ef-215edc93e06d.csv: 6,694 rows
  exactEarth_20250804_105511Z_1e4934f1-2cb8-4a35-9264-440b33ed0617.csv: 6,537 rows
  exactEarth_20250804_114134Z_22ac8bc4-643a-4a4e-8706-485527e019b1.csv: 6,488 rows
  exactEarth_20250804_125143Z_b62b06b5-f007-420b-8fd1-13a6b6631e6f.csv: 6,594 rows
  exactEarth_20250804_134726Z_da0556fe-c384-416b-a47f-b121f14a4a92.csv: 6,026 rows
  exactEarth_20250804_145054Z_516a2c2c-fb3e-47fc-8b9a-8767df05f193.csv: 9,009 rows
  exactEarth_20250804_154004Z_95e605bd-8b09-41ea-9c76-bbae72b76ae1.csv: 3,624 rows
  exactEarth_20250804_164657Z_d9fc6ac7-596e-4b13-aeb1-f6986ecd9f75.csv: 4,619 rows
  exactEarth_20250804_174242Z_5b0c7309-cd3b-4e83-8b8c-0aed5c1ef2c7.csv: 6,389 rows
  exactEarth_20250804_185525Z_2ad7ee97-d834-4b44-8039-4835f9838682.csv: 4,383 rows
  exactEarth_20250804_195526Z_b1cae3aa-07b5-4fc2-bf1b-9ace1104c383.csv: 4,259 rows
  exactEarth_20250804_205251Z_6ea44c8b-06dd-44b2-ae81-d1650701d92f.csv: 4,780 rows
  exactEarth_20250804_214823Z_89fa1b61-6ee8-4a7b-8465-0cb287c68a17.csv: 6,658 rows
  exactEarth_20250804_224225Z_6042e35c-a001-48a6-a169-15d2c25d0c5e.csv: 8,272 rows
  exactEarth_20250804_234318Z_c4432c1e-befe-47b9-8281-fff09c8cd304.csv: 6,414 rows
  exactEarth_20250805_004817Z_ecf6c258-cd08-4d7d-8892-fe92acccee3b.csv: 6,002 rows
  exactEarth_20250805_014954Z_d2b8eebc-36ec-46d6-aaaf-3fa47614602b.csv: 8,143 rows
  exactEarth_20250805_023127Z_403aa50d-a116-42c3-bbfa-6e9c2701db49.csv: 7,343 rows
  exactEarth_20250805_033938Z_a9d16dda-559f-4e7c-9296-24e5f75e9583.csv: 5,612 rows
  exactEarth_20250805_045204Z_d78e1d9e-12d0-4091-b438-7f4edb83118c.csv: 6,260 rows
  exactEarth_20250805_065337Z_c79b380c-81c6-4c03-94fe-c73d002d6466.csv: 4,094 rows
  exactEarth_20250805_054632Z_2e92d88f-33dd-4be1-8282-ef20872eea22.csv: 4,603 rows
  exactEarth_20250805_075644Z_3887920f-7171-427b-a475-6f0ad0f25aa3.csv: 5,427 rows
  exactEarth_20250805_085458Z_06aef490-07ef-4937-a1a9-5400b143be39.csv: 4,557 rows
  exactEarth_20250805_094156Z_c29285e5-aff5-4a0d-8b5d-41cf33ca9de6.csv: 4,511 rows
  exactEarth_20250805_105719Z_30a1bbce-d173-4cc6-a034-d91f85df271d.csv: 5,340 rows
  exactEarth_20250805_114424Z_9fcc670e-69b6-468a-85b7-f63a3eb6512e.csv: 5,207 rows
  exactEarth_20250805_125447Z_6fbd2f55-7842-4f5f-916b-3d8202c7f3ac.csv: 5,941 rows
  exactEarth_20250805_135628Z_8879801d-6aa1-4c24-8f19-e7a45a9f188e.csv: 4,783 rows
  exactEarth_20250805_144312Z_0852c583-54cd-43bb-9acc-d784dffdb16a.csv: 6,409 rows
  exactEarth_20250805_155507Z_df0b3fd0-fa1e-47df-a92c-d543abe12bc5.csv: 5,822 rows
  exactEarth_20250805_164821Z_c7bc203f-8f58-4de6-8fd8-cbd1af7ad968.csv: 5,370 rows
  exactEarth_20250805_175745Z_bddca1c2-0f9e-4e95-bd52-42641ef396a8.csv: 5,939 rows
  exactEarth_20250805_185735Z_0c606861-bafb-43d1-b892-5ce4a20732df.csv: 4,075 rows
  exactEarth_20250805_195711Z_1f0a7aa2-9b18-4fd4-9e27-b870505e7eb2.csv: 3,537 rows
  exactEarth_20250805_204428Z_48955cc2-5e61-4678-b20f-2cb5a0a3ce0f.csv: 4,696 rows
  exactEarth_20250805_215506Z_016ce614-34da-4272-9195-12ebc9de8f91.csv: 7,054 rows
  exactEarth_20250805_224236Z_ee4e7006-f9e5-4f37-8820-ae6bb80a6eb7.csv: 6,695 rows
  exactEarth_20250806_005348Z_849e0153-3911-412d-aec3-866fe653f9c6.csv: 5,914 rows
  exactEarth_20250805_234321Z_f91550d2-ff3d-4bf9-9917-a74c60d46d19.csv: 5,183 rows
  exactEarth_20250806_014956Z_9b29b802-a81e-4098-af87-9ad8d2bbc910.csv: 6,443 rows
  exactEarth_20250806_025750Z_eb8eef3b-6d00-4709-ac95-dee7614b949f.csv: 9,066 rows
  exactEarth_20250806_034816Z_498de548-141f-4113-9310-fe7431fe554a.csv: 5,354 rows
  exactEarth_20250806_045816Z_f68a5be9-8447-4b6a-a8ae-0b4b668c1690.csv: 9,181 rows
  exactEarth_20250806_055436Z_f7b5d58c-9db7-4bbf-9dc8-ed1770baaa83.csv: 5,103 rows
  exactEarth_20250806_065608Z_19571bd8-eca2-45d0-91d3-4e6213f83135.csv: 5,532 rows
  exactEarth_20250806_075636Z_cfc61ae3-48ba-45c9-a2dc-a1defd1287f2.csv: 5,505 rows
  exactEarth_20250806_095214Z_c69bf905-4f3d-4816-9e37-0de2b065b13a.csv: 4,827 rows
  exactEarth_20250806_084006Z_919ef01c-b491-4a21-afac-21a179c19b47.csv: 6,368 rows
  exactEarth_20250806_105437Z_44e85909-dcba-472f-bb33-0257a5dbda55.csv: 6,189 rows
  exactEarth_20250806_115214Z_70a0fe7b-0bdc-4849-bce1-d88911bae038.csv: 6,678 rows
  exactEarth_20250806_134211Z_48f773b4-8b6f-42d5-a63d-0d7b929449c7.csv: 7,546 rows
  exactEarth_20250806_125722Z_8f514cbf-5f51-480d-b8d2-fa81b9ecb609.csv: 7,328 rows
  exactEarth_20250806_144623Z_1cbf71bc-9fd8-4e0f-ae3b-32514f525d76.csv: 8,686 rows
  exactEarth_20250806_155536Z_09c3d0ef-fee7-4e33-a7d4-8bb616857fa0.csv: 6,652 rows
  exactEarth_20250806_164024Z_00fd64ac-c217-4434-8ac8-2a76b815e0ee.csv: 7,243 rows
  exactEarth_20250806_174839Z_028d82d6-de46-4441-b73c-2e9adae1252b.csv: 6,232 rows
  exactEarth_20250806_184519Z_985ee61f-d35d-44f1-a726-742c80bf139b.csv: 4,746 rows
  exactEarth_20250806_195055Z_f8c397bb-0508-439a-8baa-7aaabe9ec9fa.csv: 4,862 rows
  exactEarth_20250806_204045Z_2011dcc0-13fb-4109-acf0-fd9ab33c631f.csv: 4,319 rows
  exactEarth_20250806_215743Z_07d3e6a9-64fe-443e-b8f2-7933ac73e054.csv: 8,256 rows
  exactEarth_20250806_225456Z_35a079c3-e33e-4f32-b138-9f0ad30a9665.csv: 8,189 rows
  exactEarth_20250806_234746Z_f666c209-e4bc-4fd0-8904-01a2225b4d07.csv: 5,853 rows
  exactEarth_20250807_005455Z_f80b5fb3-511c-4fb3-bed6-b4a23aad91c9.csv: 7,106 rows
  exactEarth_20250807_015744Z_458b2c56-33ee-4099-b09b-2e407f046e96.csv: 6,787 rows
  exactEarth_20250807_025116Z_96f7bf71-3c1b-485c-8708-73e5c63a70b8.csv: 10,621 rows
  exactEarth_20250807_033335Z_eaa220d4-54ea-45bd-8350-b60e96613579.csv: 8,934 rows
  exactEarth_20250807_045031Z_8c79dfa9-fe92-4ef9-9315-9195c4860194.csv: 7,850 rows
  exactEarth_20250807_054849Z_469327c8-aa1e-4ef6-9776-a759df0e60b0.csv: 5,170 rows
  exactEarth_20250807_064812Z_6ca78b95-9354-4a40-a164-566345e0dc4e.csv: 6,442 rows
  exactEarth_20250807_084315Z_ab549c9c-79cb-449a-949f-6f421be03f3d.csv: 6,161 rows
  exactEarth_20250807_075756Z_4dcbce85-065b-47cb-846f-b6eb83f7bda0.csv: 6,720 rows
  exactEarth_20250807_095546Z_b1c1142f-da76-4108-8619-64ede4eff009.csv: 6,961 rows
  exactEarth_20250807_105534Z_c85734f0-bf92-4cf8-89b3-b15057d2b802.csv: 7,463 rows
  exactEarth_20250807_124149Z_d06cc3a9-7608-4433-a4b4-aa65d7aa5d4c.csv: 7,553 rows
  exactEarth_20250807_115647Z_58a469bd-c02a-4731-ae46-f50351a2f741.csv: 7,850 rows
  exactEarth_20250807_133950Z_cd6e2b94-c56c-4b03-ab0b-891d815a0304.csv: 9,618 rows
  exactEarth_20250807_144220Z_6a7687aa-dc51-4ff6-814c-754623b5e017.csv: 7,637 rows
  exactEarth_20250807_154457Z_1a845fe9-5bb6-4df5-a30a-00afd0bc0884.csv: 6,893 rows
  exactEarth_20250807_165836Z_a6b6bcf4-a830-465c-8c0d-2f6983002ce1.csv: 7,915 rows
  exactEarth_20250807_174513Z_ac0db0cc-b0ed-48f7-83c9-8a9b0c72eeef.csv: 6,798 rows
  exactEarth_20250807_184941Z_c6db535b-6b86-472d-bd64-6590c2578d89.csv: 5,036 rows
  exactEarth_20250807_195556Z_31356192-3b13-4c9d-856f-1e4d34218795.csv: 5,607 rows
  exactEarth_20250807_205326Z_a1a9bfb6-ee1e-46de-9404-117962139626.csv: 5,870 rows
  exactEarth_20250807_214508Z_7da2d9b8-1aea-4065-be2a-2fa817723340.csv: 7,893 rows
  exactEarth_20250807_224735Z_d5dc4e98-ad8e-40c9-a2a7-991bcfaad482.csv: 8,080 rows
  exactEarth_20250808_005252Z_9c99f24d-5694-4a64-9b07-99db3837a6ae.csv: 6,601 rows
  exactEarth_20250807_234006Z_72f53dc4-b9c5-4228-8c3f-4429f3ab9f00.csv: 6,842 rows
  exactEarth_20250808_014709Z_98c9a0da-6a75-4278-be4c-5238299b6e52.csv: 8,004 rows
  exactEarth_20250808_024011Z_b8f03df6-2a78-4e9c-839c-160790f476f6.csv: 9,489 rows
  exactEarth_20250808_035335Z_d3758a74-f55c-4f6c-aec4-64815b21bb5f.csv: 7,487 rows
  exactEarth_20250808_045744Z_29393c5f-1694-477c-b575-931d67dfdea7.csv: 7,748 rows
  exactEarth_20250808_055002Z_703b7dc1-fca2-43e6-842c-82c99b7c9d06.csv: 6,167 rows
  exactEarth_20250808_065616Z_35219599-2c5c-42d8-876d-c5c92fd98c20.csv: 6,011 rows
  exactEarth_20250808_075739Z_4902a633-0196-4839-8ab7-b6ea795ac2a0.csv: 6,348 rows
  exactEarth_20250808_085653Z_5ccc97a3-d13d-44e8-a945-7dfa1d0fcbc9.csv: 6,159 rows
  exactEarth_20250808_093859Z_090700fb-bc2f-40ea-9d5a-1f20bd9d50c9.csv: 5,483 rows
  exactEarth_20250808_104303Z_e81c8aea-09c0-41e7-9355-c111b6f54022.csv: 7,210 rows
  exactEarth_20250808_115743Z_dfd394b1-a140-4a17-ac5b-4a9fcb4c9275.csv: 7,099 rows
  exactEarth_20250808_124209Z_a69bcd36-3cca-455f-a0f6-34553ecf6a17.csv: 6,758 rows
  exactEarth_20250808_135649Z_77a038bb-8ee8-4c83-a2a8-4a60907666de.csv: 5,529 rows
  exactEarth_20250808_144444Z_827e5a0c-ac9f-4266-ac77-97e8ece399ae.csv: 7,610 rows
  exactEarth_20250808_171147Z_ab42b1a8-3289-4a7c-ae93-e6dd90404db1.csv: 2,932 rows
  exactEarth_20250808_155707Z_db667d8e-e10e-4e4c-91b2-8b4064eaa3de.csv: 5,735 rows
  exactEarth_20250808_164246Z_b018d461-6539-418e-9271-aaab98f3dbd5.csv: 7,151 rows
  exactEarth_20250808_173953Z_c01a3300-0c40-475d-8203-ef7551b49be2.csv: 6,759 rows
  exactEarth_20250808_205759Z_1b0a9bfc-3b7b-4720-9b49-5c1e3a8ffe16.csv: 5,656 rows
  exactEarth_20250808_195404Z_b54cc4ef-a58a-4778-8bca-dd48f3c9d4cf.csv: 3,482 rows
  exactEarth_20250808_215829Z_65f3c746-9e8a-4cbb-b86c-6bf3e7f09740.csv: 7,469 rows
  exactEarth_20250808_225738Z_e4b3002b-639f-4a3f-88e0-5e914a97111f.csv: 6,431 rows
  exactEarth_20250809_004323Z_b97d5242-c403-42ad-bc6d-dd14d3d5e273.csv: 7,477 rows
  exactEarth_20250808_234016Z_c21d3246-0bb2-433f-82d7-9906f792930c.csv: 6,410 rows
  exactEarth_20250809_015701Z_75064f7e-abe5-4c56-8ab5-e24beadb16a6.csv: 7,299 rows
  exactEarth_20250809_025526Z_4c0d9f7c-c7c9-4ab1-b2e4-dafe91f4fd99.csv: 9,876 rows
  exactEarth_20250809_035335Z_0358f8dd-31fe-4fd5-990d-43717ecd8990.csv: 7,977 rows
  exactEarth_20250809_045518Z_74e1a1cd-ebb9-48a7-b8cb-83a00f476c6d.csv: 7,802 rows
  exactEarth_20250809_055805Z_e1637553-328c-44bf-b960-935318adc06d.csv: 5,895 rows
  exactEarth_20250809_064321Z_80feb9ee-6ba2-4db7-a0d4-1fe3d5299c6f.csv: 5,801 rows
  exactEarth_20250809_075710Z_cc8e9355-b1de-4915-956d-1636d5918489.csv: 5,467 rows
  exactEarth_20250809_084215Z_6eb28e48-214a-4a28-9803-b06fb3a2103d.csv: 6,168 rows
  exactEarth_20250809_094024Z_85b3bcc3-a918-4f93-8f99-1a2a0915b034.csv: 5,703 rows
  exactEarth_20250809_104621Z_eb02f906-1c2d-495d-8627-f68d94414916.csv: 6,349 rows
  exactEarth_20250809_114033Z_782bb100-824c-4925-b4a2-fa2e100ab105.csv: 6,689 rows
  exactEarth_20250809_124017Z_75edd01a-2af2-49ab-95c6-3fbabe8f47d5.csv: 7,491 rows
  exactEarth_20250809_135101Z_bc34c907-e431-4cbb-b1a3-2e0b90b1a483.csv: 7,824 rows
  exactEarth_20250809_145644Z_afa7f5f0-a5e1-452e-aee3-95ae9509a309.csv: 8,079 rows
  exactEarth_20250809_155103Z_40ea11a8-cb37-454a-8fa5-942200a18816.csv: 8,142 rows
  exactEarth_20250809_165619Z_6fbcac18-aeaf-4b9c-b39e-2125a6ca82df.csv: 7,707 rows
  exactEarth_20250809_174550Z_24bf763f-ec97-47a7-ae03-20b4d5d67d90.csv: 6,325 rows
  exactEarth_20250809_185648Z_545fda23-da1d-4578-9e17-d830e5c01515.csv: 6,432 rows
  exactEarth_20250809_194917Z_9181327c-24d3-42e4-a3c0-1ae2dc69f668.csv: 4,842 rows
  exactEarth_20250809_204824Z_ebe78d44-dc01-4266-b930-ba466419ffd3.csv: 6,844 rows
  exactEarth_20250809_213944Z_e1fe97a7-9b8b-4df7-8e7f-a3ad79e0af94.csv: 8,970 rows
  exactEarth_20250809_225500Z_d877f5bc-f479-46e3-aab2-949c0a171b88.csv: 7,777 rows
  exactEarth_20250809_234122Z_73b94810-614f-4924-b266-9731f84ce3de.csv: 7,770 rows
  exactEarth_20250810_004105Z_694a2077-5d82-40e3-9bf9-d4fc363eae98.csv: 7,963 rows
  exactEarth_20250810_014347Z_64a203b7-c37e-4529-910a-21acbdf0c74d.csv: 8,416 rows
  exactEarth_20250810_025723Z_27e50f38-d533-49d1-9470-6d0fe5349c32.csv: 10,305 rows
  exactEarth_20250810_035445Z_4f1bd5ef-8464-4791-9d33-6bb0897b4ba8.csv: 8,655 rows
  exactEarth_20250810_045750Z_5ef2231b-17fc-471b-95b9-07402a9c4183.csv: 7,636 rows
  exactEarth_20250810_055800Z_b1797fcc-56a7-4e20-b79e-19c0da6adcf8.csv: 5,757 rows
  exactEarth_20250810_065729Z_68650de3-9275-4aba-ada2-3d1bb1ad5462.csv: 7,515 rows
  exactEarth_20250810_085721Z_b1e7e837-871b-4c40-a395-ad849419920a.csv: 5,910 rows
  exactEarth_20250810_074755Z_5cc89e75-d3b7-4fb8-8aa2-7518fd1d2c16.csv: 7,289 rows
  exactEarth_20250810_094450Z_9ef02c4c-a58e-41c3-9c23-2643c076491e.csv: 7,394 rows
  exactEarth_20250810_105754Z_7477f641-1ff0-433e-9174-a901931a89c2.csv: 5,960 rows
  exactEarth_20250810_115517Z_2d2a922a-ffa8-4318-a8c2-3fd8e918a95f.csv: 7,767 rows
  exactEarth_20250810_124601Z_24dc0ff9-6d4f-45f6-b3e2-cf2ac6424cbd.csv: 7,913 rows
  exactEarth_20250810_135608Z_0f61b236-08f2-4a12-b8fe-b99a1991da3d.csv: 8,259 rows
  exactEarth_20250810_144543Z_8895ba63-4c74-42e5-8284-bd5538e23ca5.csv: 7,566 rows
  exactEarth_20250810_155801Z_2790ed84-a6b6-4cec-989e-6ff4fcde7b06.csv: 8,367 rows
  exactEarth_20250810_165815Z_929c1087-4614-427f-9070-2bfc1fea0f4c.csv: 8,427 rows
  exactEarth_20250810_175627Z_528bf8ea-4456-42e1-9a87-d62e4d2f5132.csv: 6,623 rows
  exactEarth_20250810_185557Z_f0ed9465-5ff4-4101-a391-91b36561c267.csv: 6,039 rows
  exactEarth_20250810_195224Z_c89031a2-ab13-4dad-8843-8c41df586ba8.csv: 5,880 rows
  exactEarth_20250810_205518Z_48c82421-bf92-4c5b-be23-f9c0f5c63466.csv: 8,760 rows
  exactEarth_20250810_214153Z_0482c282-6d10-48be-96e5-fb5a9ee2f7d2.csv: 8,998 rows
  exactEarth_20250810_224106Z_a4ae2fe9-518f-48cd-a7eb-5047e5d29127.csv: 9,130 rows
  exactEarth_20250810_234314Z_0166407e-8ffe-4ae5-96e0-0c27ced7b8da.csv: 8,648 rows
  exactEarth_20250811_004347Z_d63c706c-eea5-4eba-8612-0ee01c021ccd.csv: 7,973 rows
  exactEarth_20250811_015603Z_220a3e63-a8b2-4396-9437-19a9c933d42e.csv: 9,407 rows
  exactEarth_20250811_024115Z_ef91921e-7a06-48ce-99fa-f56e75a96cb3.csv: 10,563 rows
  exactEarth_20250811_044006Z_23ffc654-8f1a-478b-a86f-4f3990488584.csv: 8,816 rows
  exactEarth_20250811_034655Z_315ecb5f-5d34-48f2-919b-ca7b509bc9d0.csv: 10,717 rows
  exactEarth_20250811_054653Z_ec3e3797-5ae9-4e9b-9f6e-406ae1cc9e10.csv: 7,691 rows
  exactEarth_20250811_064943Z_6d97c9b5-d0ab-4985-8970-7dbac145a351.csv: 8,145 rows
  exactEarth_20250811_075050Z_7709764a-e0ca-4a94-9045-8030f53b9e35.csv: 8,194 rows
  exactEarth_20250811_084924Z_4cb3c9eb-c7af-4df2-a578-3cbc4169c34a.csv: 7,613 rows
  exactEarth_20250811_095648Z_d005d5c1-043f-4d7d-ab1a-a6b2c08eb953.csv: 7,292 rows
  exactEarth_20250811_105709Z_032a6e93-d590-4bcc-a7cd-fe2c45f7873f.csv: 8,275 rows
  exactEarth_20250811_114007Z_682e6196-a048-4128-b1ae-9f21ae35b1b4.csv: 8,498 rows
  exactEarth_20250811_124925Z_56bce0d7-528b-4870-9de9-9053ac2e0369.csv: 8,601 rows
  exactEarth_20250811_135550Z_8c09839c-6c62-4cd8-b47c-519b2e10cc2e.csv: 8,459 rows
  exactEarth_20250811_144753Z_c011b4f0-8ac0-407d-b203-fb21a6936f47.csv: 8,644 rows
  exactEarth_20250811_154201Z_1c2f6c5f-9f65-4938-bc5b-69b8eac25516.csv: 7,242 rows
  exactEarth_20250811_164506Z_d5fe438b-8b94-4be1-a66f-2a6cd98af2bc.csv: 9,690 rows
  exactEarth_20250811_175730Z_41462644-0804-4ba4-9e0c-4ce35e2c44e3.csv: 8,167 rows
  exactEarth_20250811_184313Z_3afda820-df2f-40bc-bf27-f702e9b8621b.csv: 6,940 rows
  exactEarth_20250811_194413Z_61689695-28e2-4768-8c51-0022f5f828b1.csv: 6,452 rows
  exactEarth_20250811_205642Z_84d2e5d9-a034-4881-9fe2-8889f148951d.csv: 8,690 rows
  exactEarth_20250811_214324Z_f3878de1-0cd4-4324-af43-839abfe5d881.csv: 9,645 rows
  exactEarth_20250811_225509Z_724e8309-e452-4627-b99f-34bb83dee6e6.csv: 8,499 rows
  exactEarth_20250812_005418Z_c6d4f70d-b1cb-489b-95f4-7e819aaf62b6.csv: 8,703 rows
  exactEarth_20250811_235438Z_309a1317-f81c-4ec1-a39e-068327ad3a6a.csv: 7,684 rows
  exactEarth_20250812_014054Z_5dee868c-a588-41dd-9234-2959a9b801b5.csv: 9,123 rows
  exactEarth_20250812_024726Z_37baff28-b54c-47f9-a382-59ae3b307b51.csv: 10,304 rows
  exactEarth_20250812_035835Z_d5236bb7-78d7-4647-8ebd-6882c25d082d.csv: 9,607 rows
  exactEarth_20250812_045415Z_1badcefc-976f-412d-882a-b4a514b4c2c6.csv: 8,026 rows
  exactEarth_20250812_055549Z_9810fbc2-2ab6-41b8-910a-0e1f3661dc73.csv: 6,462 rows
  exactEarth_20250812_065749Z_6670f6b9-6210-440e-8353-42341a433fe1.csv: 6,949 rows
  exactEarth_20250812_075458Z_7ebcfc0f-a367-4b4e-80a7-217b9d63a7ed.csv: 6,762 rows
  exactEarth_20250812_094113Z_55ae4cac-86c6-4a1f-b7f9-ac3c1eff23fa.csv: 6,648 rows
  exactEarth_20250812_085619Z_12db2514-26f5-421a-9869-ef9082437592.csv: 8,382 rows
  exactEarth_20250812_105205Z_a6d5011b-25d8-4da5-ba7a-eeda6c1d74be.csv: 7,395 rows
  exactEarth_20250812_115735Z_4f2c62f3-2c1d-4a58-a933-323bf7b4621f.csv: 8,398 rows
  exactEarth_20250812_134648Z_79e36304-ee9c-42bf-9ac6-33dc10973b18.csv: 6,306 rows
  exactEarth_20250812_124220Z_71e56067-1b24-419d-b702-61d62ef9b6a7.csv: 7,906 rows
  exactEarth_20250812_145428Z_a58b9893-b680-4536-81f9-218d36f3c8d2.csv: 6,402 rows
  exactEarth_20250812_164035Z_871f7505-faba-4319-8839-f5ad1c14dab2.csv: 7,429 rows
  exactEarth_20250812_154110Z_114d499d-d30c-45a6-b6bf-3e4a144e5712.csv: 7,182 rows
  exactEarth_20250812_173953Z_4d2db4f1-6ffa-4a98-a467-2787bb462e56.csv: 6,049 rows
  exactEarth_20250812_184516Z_88820977-1c22-4e0d-aaab-b82d66b74947.csv: 7,215 rows
  exactEarth_20250812_194000Z_72659b8a-cb6f-4f66-9b22-dfe4447a0264.csv: 5,932 rows
  exactEarth_20250812_204410Z_ac28d38f-eba3-4b53-8495-4388af873489.csv: 7,199 rows
  exactEarth_20250812_215011Z_cd50cce3-39d1-45b9-bb2b-fe264f3ef3fe.csv: 10,191 rows
  exactEarth_20250812_225558Z_f2887947-b95d-4ed5-b055-a78666e6427f.csv: 7,022 rows
  exactEarth_20250812_235727Z_d560b061-555e-404a-9852-6ab90168487f.csv: 8,071 rows
  exactEarth_20250813_005630Z_8398eff4-28d1-412a-bae1-07056ad20d01.csv: 7,354 rows
  exactEarth_20250813_014222Z_71254369-0cb9-46d1-a8a3-c052bf84ad5d.csv: 8,808 rows
  exactEarth_20250813_025612Z_81424ffd-1e8e-4d7c-ae60-563fdea1e0ce.csv: 8,920 rows
  exactEarth_20250813_034737Z_71185648-9c2e-47ab-8beb-8feed401fc52.csv: 7,904 rows
  exactEarth_20250813_044531Z_effb0c32-5cc8-421a-ac0e-eae4febe57f5.csv: 6,760 rows
  exactEarth_20250813_054936Z_fb879796-761e-4109-ae0c-0bcd5f9c0666.csv: 5,207 rows
  exactEarth_20250813_063910Z_ed66ac9c-9b91-4d4c-9b33-6e0f72a3a314.csv: 6,125 rows
  exactEarth_20250813_074637Z_b30fed56-1471-41c6-a9c6-2af5aff42814.csv: 6,128 rows
  exactEarth_20250813_085749Z_e9ca7535-a366-4b3b-97b5-93df6840af0c.csv: 5,358 rows
  exactEarth_20250813_094119Z_1c2d5edd-8fb1-48ec-ade3-1216db34922d.csv: 6,467 rows
  exactEarth_20250813_105342Z_70b1d9bb-5bf2-49e4-829d-7df5681dcc0a.csv: 6,657 rows
  exactEarth_20250813_113140Z_ec369666-8c1b-4954-886b-afc5ddeb53d8.csv: 7,050 rows
  exactEarth_20250813_123934Z_bc7a78b9-9f69-4430-9a53-4cae63f42061.csv: 7,256 rows
  exactEarth_20250813_135758Z_8156e4aa-d365-4522-816e-c86fa7a008fa.csv: 7,642 rows
  exactEarth_20250813_145725Z_41a9241e-1911-4341-99eb-21e920d5119f.csv: 8,718 rows
  exactEarth_20250813_155702Z_640a8ee7-5ff1-4740-ace7-6ff1e13f38cd.csv: 10,217 rows
  exactEarth_20250813_164424Z_e043449f-7de0-404a-a5e9-b4524c787cfa.csv: 7,850 rows
  exactEarth_20250813_175055Z_de252626-a5f7-47d1-af7c-4026952d23a1.csv: 6,792 rows
  exactEarth_20250813_185138Z_aa39681b-4750-40fa-b9f3-b4e791f46458.csv: 6,103 rows
  exactEarth_20250813_194218Z_f7d321b6-d2e0-44b8-abec-6b28429112c7.csv: 6,818 rows
  exactEarth_20250813_205200Z_ebd6159b-acd3-48ae-9914-9ce3dd907606.csv: 9,365 rows
  exactEarth_20250813_215044Z_a24e5407-6947-4631-9276-55b696646144.csv: 9,686 rows
  exactEarth_20250813_225738Z_40b2d2bd-e39d-4d8b-bc16-4a3a75491dbf.csv: 9,257 rows
  exactEarth_20250814_001327Z_d728102e-e5b6-488a-b677-85479a070199.csv: 7,730 rows
  exactEarth_20250813_235220Z_6e4656bf-9b52-4944-97e4-6a09d9904c33.csv: 9,183 rows
  exactEarth_20250814_015747Z_2d9e56bd-a311-4a2e-b0cb-8a0dddf17995.csv: 9,375 rows
  exactEarth_20250814_024824Z_2597f4b9-bfbf-415d-a2bc-85cc37aecabd.csv: 9,516 rows
  exactEarth_20250814_044003Z_4ae93a14-907a-4f30-9b45-1febdd254464.csv: 7,502 rows
  exactEarth_20250814_035557Z_a8e615aa-717c-4db8-a79e-ae6e01936b6b.csv: 8,757 rows
  exactEarth_20250814_055404Z_03383886-7915-43b7-a467-f248b7d83592.csv: 6,651 rows
  exactEarth_20250814_064514Z_082c8537-0658-4cdd-b094-f829e9885ea8.csv: 5,094 rows
  exactEarth_20250814_074028Z_f4108839-f933-4084-9ca0-fddea841119e.csv: 6,891 rows
  exactEarth_20250814_082144Z_d024b237-b347-483b-a8d8-23700a18fd72.csv: 5,904 rows
  exactEarth_20250814_095040Z_9a15688d-0978-47ee-b743-fb455c40b294.csv: 5,789 rows
  exactEarth_20250814_105811Z_93cd5a58-0ca2-4cd1-90de-4d81d06a240e.csv: 6,695 rows
  exactEarth_20250814_114713Z_89fbd54c-dac9-4352-ae11-5ce44514c911.csv: 7,557 rows
  exactEarth_20250814_124652Z_64a0a41d-6e76-4746-a327-3bee5bdbcbca.csv: 7,258 rows
  exactEarth_20250814_134327Z_2446b0c1-ff57-439b-a14c-f3a453dacbde.csv: 7,528 rows
  exactEarth_20250814_144050Z_47d80733-d4ca-46b9-87bb-94797aafe2e7.csv: 6,865 rows
  exactEarth_20250814_150631Z_8f4c2d9b-b242-46d9-b385-1694b8a1a0e3.csv: 8,670 rows
  exactEarth_20250814_164048Z_ca52cd6b-4c8c-4f74-8bc3-0219eb59aa28.csv: 6,928 rows
  exactEarth_20250814_175818Z_a2143902-2874-4b02-83f6-3a089ba7697b.csv: 7,944 rows
  exactEarth_20250814_185553Z_74987bd8-c5d3-4711-9271-9f3d787b348c.csv: 5,396 rows
  exactEarth_20250814_204609Z_24955560-3778-4fd3-9988-2ed1279fc2af.csv: 7,769 rows
  exactEarth_20250814_195817Z_19c796bb-ba9c-4e8d-85fe-e167e8e9267e.csv: 4,935 rows
  exactEarth_20250814_214403Z_24ac59ab-596a-4633-8346-51219214965d.csv: 8,305 rows
  exactEarth_20250814_224625Z_3370c218-368d-40b2-934f-2c0c202b20d1.csv: 6,591 rows
  exactEarth_20250814_235803Z_65332242-f2b9-466f-b505-22cc0a3d6a54.csv: 6,723 rows
  exactEarth_20250815_005332Z_fdfede2c-4c3c-4873-9c67-6de5f0a9c5be.csv: 5,999 rows
  exactEarth_20250815_014827Z_758cd6ad-19b6-4b92-a4bb-048a8a7a3899.csv: 6,146 rows
  exactEarth_20250815_024632Z_298caa23-07fb-4bc2-b4a9-c38a918f11a4.csv: 8,191 rows
  exactEarth_20250815_045728Z_b7c4ea66-febf-4ab8-aabd-7fba9629cda9.csv: 5,890 rows
  exactEarth_20250815_034540Z_17823d45-053e-4703-9d20-378d7b8bbade.csv: 7,681 rows
  exactEarth_20250815_054918Z_47faa018-fef2-432d-b9ab-21d0afe4bc0b.csv: 4,748 rows
  exactEarth_20250815_064109Z_d467d135-61b9-49d5-9718-f998dc16301d.csv: 5,375 rows
  exactEarth_20250815_075615Z_4a04788c-4005-4d2c-a481-587a85863d32.csv: 5,189 rows
  exactEarth_20250815_085537Z_efaf91f6-0e86-45af-bf3c-1fd0faf02622.csv: 5,551 rows
  exactEarth_20250815_094702Z_f8a21156-d60c-472c-a45f-c21aa8314623.csv: 5,918 rows
  exactEarth_20250815_104455Z_0c83b6ac-7d81-406d-8632-3e5878482259.csv: 5,705 rows
  exactEarth_20250815_123939Z_2cbb3c7b-030a-4bcc-8895-012efa54ad3f.csv: 6,402 rows
  exactEarth_20250815_114800Z_675c415f-871b-4395-b3d9-34b2b44f65ac.csv: 6,496 rows
  exactEarth_20250815_134031Z_6fa34bc5-8070-4a15-8f94-0a6371692f66.csv: 6,130 rows
  exactEarth_20250815_144059Z_1d2f8c70-7cc2-489c-a02c-4f5f3c8de232.csv: 6,170 rows
  exactEarth_20250815_155655Z_de7ddf65-a073-48e6-a594-25513e5b3f84.csv: 6,989 rows
  exactEarth_20250815_163956Z_3a25157c-bf69-43e1-b7ad-d74392e9de65.csv: 5,774 rows
  exactEarth_20250815_175823Z_824ee630-78eb-4f2d-8f98-d69fbcbafa90.csv: 4,730 rows
  exactEarth_20250815_184424Z_9d6b3287-48ca-430b-ac9b-1ccd176dab0f.csv: 4,901 rows
  exactEarth_20250815_193030Z_88167346-d02e-423b-bc14-341e57d4f812.csv: 6,067 rows
  exactEarth_20250815_204349Z_beb2d309-8410-4c0d-8087-5bc40e6678b6.csv: 6,657 rows
  exactEarth_20250815_215659Z_65ddce75-84e0-458e-92ef-4cf792b4b43d.csv: 8,076 rows
  exactEarth_20250815_224014Z_6697ef5c-efe0-4733-8b59-e946e52d46aa.csv: 5,450 rows
  exactEarth_20250815_233929Z_dabe92f5-9b76-4637-b4db-cc9e5f6bd57c.csv: 6,078 rows
  exactEarth_20250816_004216Z_981ba967-abe8-484b-b97c-3451586b15bb.csv: 5,066 rows
  exactEarth_20250816_014802Z_2dde2a96-ff44-4281-89a8-15d0188b59e4.csv: 6,652 rows
  exactEarth_20250816_025805Z_ff337dbf-3e13-4eac-a09d-3a2e5655a4c8.csv: 5,582 rows
  exactEarth_20250816_045430Z_42810522-d3cb-4a32-9c88-8408c2337da3.csv: 5,741 rows
  exactEarth_20250816_035508Z_95d361ec-ce82-4c93-8a26-66f8be18a81c.csv: 8,475 rows
  exactEarth_20250816_055435Z_17922c6d-9125-4a2e-a336-a60a899d10a4.csv: 4,451 rows
  exactEarth_20250816_064309Z_5d3a3728-78d1-4f8a-a454-4372c5df5581.csv: 5,827 rows
  exactEarth_20250816_075746Z_67c1d8a4-5167-435f-828e-d54560a5e68d.csv: 6,125 rows
  exactEarth_20250816_085748Z_aa8e69f7-42c8-418d-8499-e0b24b74cc10.csv: 4,932 rows
  exactEarth_20250816_095548Z_72810228-1f26-43d8-82da-7c966ffa095b.csv: 6,727 rows
  exactEarth_20250816_105519Z_60f7a1fd-42cc-4d2c-b20f-9afbccdce391.csv: 6,515 rows
  exactEarth_20250816_115605Z_6fa29ce5-738d-410a-ae5d-095620354df2.csv: 6,927 rows
  exactEarth_20250816_125143Z_67081fee-217d-4895-b777-e8fae7b286be.csv: 5,755 rows
  exactEarth_20250816_134029Z_368d9909-ab64-47d5-816e-88eb232acf5d.csv: 6,047 rows
  exactEarth_20250816_145043Z_a164b775-0063-4a9b-b6da-39e979a31de9.csv: 7,023 rows
  exactEarth_20250816_165726Z_fdca1e75-d151-425d-a53e-478a4d6d80f2.csv: 6,110 rows
  exactEarth_20250816_155709Z_dc9ccecb-e863-44f0-98e0-4c5929011116.csv: 8,905 rows
  exactEarth_20250816_174753Z_ab7addbe-92be-43e0-bbb9-e1c1bd4fa2e9.csv: 5,453 rows
  exactEarth_20250816_184754Z_e45f74d8-4ce8-46fe-8fd8-1da858fb9140.csv: 4,303 rows
  exactEarth_20250816_205426Z_63ea0484-339c-48f5-81cf-bed0880f619a.csv: 7,241 rows
  exactEarth_20250816_195811Z_ad814267-d01f-46d0-9593-657a5b727c69.csv: 5,406 rows
  exactEarth_20250816_215555Z_e260e2c1-a86b-439a-abaa-0f7e699b7332.csv: 7,535 rows
  exactEarth_20250816_223958Z_6755e778-b06c-4f25-a43e-d4f76c6381f2.csv: 6,053 rows
  exactEarth_20250816_211735Z_b0c230d9-df3a-488e-b1fd-63724ccd6ee2.csv: 6,225 rows
  exactEarth_20250816_234505Z_f0e60112-4298-48d0-a756-927286318b29.csv: 6,885 rows
  exactEarth_20250817_005658Z_94474578-c443-4594-9beb-bee0d6f30774.csv: 5,383 rows
  exactEarth_20250817_015259Z_de06d01e-eb69-41b1-833e-8355721fcab2.csv: 8,510 rows
  exactEarth_20250817_024247Z_f1d38736-f898-423d-8a44-61f5e3bc3ab2.csv: 7,102 rows
  exactEarth_20250817_035758Z_1dbc5180-a6cc-4e2b-aeba-618f0a5bcf6b.csv: 9,867 rows
  exactEarth_20250817_044840Z_fa10639e-a708-46b1-8655-6f06b4cd4afd.csv: 6,418 rows
  exactEarth_20250817_050350Z_08098a89-bc06-4737-bef9-38a33c733a42.csv: 6,693 rows
  exactEarth_20250817_065614Z_86c57645-99c8-4713-a835-87bc0d51fb3a.csv: 5,644 rows
  exactEarth_20250817_075812Z_cb85a818-0377-40a3-8431-50b9d7d91043.csv: 7,212 rows
  exactEarth_20250817_084428Z_9ae383ca-3183-4d2b-b4cc-82a928ea54fc.csv: 5,548 rows
  exactEarth_20250817_104250Z_3c292bb5-7102-4a91-97de-08e54069b3d5.csv: 5,396 rows
  exactEarth_20250817_114412Z_4c8473b5-f29c-4ae0-9844-76391c700684.csv: 6,716 rows
  exactEarth_20250817_125058Z_ac0dc836-5496-4c8f-97a3-a30a96ca8077.csv: 6,785 rows
  exactEarth_20250817_135612Z_7144be7f-1192-4247-af3b-317384226e49.csv: 7,420 rows
  exactEarth_20250817_145639Z_511035d8-7a4b-4cfe-a56d-40013ff9aa99.csv: 8,571 rows
  exactEarth_20250817_154328Z_11a86c4e-f8b1-4e81-86e1-5869dd1f61c3.csv: 7,080 rows
  exactEarth_20250817_164021Z_3ba17e8a-b25f-4992-9c96-3ef313adab7a.csv: 6,233 rows
  exactEarth_20250817_174456Z_199bdfab-8a75-4dd7-8dd8-0553913960e1.csv: 6,652 rows
  exactEarth_20250817_183942Z_30effca8-dfef-44aa-9edf-b82844521fe5.csv: 5,791 rows
  exactEarth_20250817_194533Z_58ddc663-1dea-4583-beca-171f51ee4e7d.csv: 4,213 rows
  exactEarth_20250817_204843Z_d32294af-a7ba-4fb7-bc41-3927358b1587.csv: 7,717 rows
  exactEarth_20250817_215719Z_6c59d106-d33c-44e0-a537-c8065bf4fbe4.csv: 5,556 rows
  exactEarth_20250817_224121Z_da4eabbc-69f8-4746-93e7-5bffe445758d.csv: 5,797 rows
  exactEarth_20250817_235742Z_97f96cdf-c85a-4dbd-8088-e6d041148063.csv: 6,244 rows
  exactEarth_20250818_004707Z_a0eb41b8-ef48-47a6-a86c-bfa8381383f7.csv: 5,300 rows
  exactEarth_20250818_014345Z_82dcff75-c5d4-4436-a1f7-3199f74f59bf.csv: 10,156 rows
  exactEarth_20250818_025619Z_f2863d73-c9e0-48e6-8412-7ff2979205ce.csv: 8,183 rows
  exactEarth_20250818_034023Z_1d2b87eb-77ae-4366-9800-ac5fa04eedd3.csv: 8,232 rows
  exactEarth_20250818_044812Z_d91c92a3-5285-4cd9-abbe-dd2da8d12a51.csv: 5,519 rows
  exactEarth_20250818_054936Z_36464cef-97b2-41cb-a838-2f596c18604e.csv: 6,094 rows
  exactEarth_20250818_065647Z_9eb8f0b5-4326-43e4-a048-f5d0ca824152.csv: 5,973 rows
  exactEarth_20250818_075532Z_273c6bb9-536f-42d1-a3d4-ce76bf58ce8b.csv: 5,644 rows
  exactEarth_20250818_084318Z_a8133f5c-6809-4960-b06b-3d8775ab6744.csv: 6,316 rows
  exactEarth_20250818_095617Z_a2d2cd2a-30f1-49e7-ab2e-7b69c4a8151c.csv: 5,930 rows
  exactEarth_20250818_104448Z_8c7e5c22-d108-4083-a55d-d3c616590638.csv: 6,320 rows
  exactEarth_20250818_114903Z_9c7fa23b-1ab5-425c-a6bd-c3cc4f25d7e4.csv: 6,902 rows
  exactEarth_20250818_124810Z_04ea7e57-684f-4d34-94cb-1adfcbebdc3c.csv: 5,650 rows
  exactEarth_20250818_133932Z_5a0b4073-4e8a-4f46-a328-240b048cd62b.csv: 6,096 rows
  exactEarth_20250818_145616Z_4744c709-71d5-43fe-9879-c8cb0299d10b.csv: 6,747 rows
  exactEarth_20250818_155335Z_855caa22-8cca-405e-81f9-cb27ba977f16.csv: 6,182 rows
  exactEarth_20250818_165342Z_58811afe-c76c-4d44-81a6-0c5ad712c70a.csv: 7,132 rows
  exactEarth_20250818_175622Z_b4440045-4046-48e2-bb1d-a276a6c8f13b.csv: 5,280 rows
  exactEarth_20250818_184101Z_9c2e22b1-c1e4-4fe3-acb7-dda274e6acd5.csv: 4,723 rows
  exactEarth_20250818_195658Z_e69d281f-5fd3-4efc-9bb3-fc99337e5026.csv: 5,204 rows
  exactEarth_20250818_205407Z_224bb8c9-ab92-459c-9e20-ad5cb706d4ca.csv: 7,278 rows
  exactEarth_20250818_214235Z_a662bd0f-3408-410d-b449-3245f74495d1.csv: 7,037 rows
  exactEarth_20250818_224143Z_c099d2e9-a347-47a2-9a85-aa941b553256.csv: 6,197 rows
  exactEarth_20250818_234336Z_370d67e8-7b00-440f-be06-2cc552049f7d.csv: 5,516 rows
  exactEarth_20250819_005718Z_6c830d07-b32a-4c56-a1aa-8fd5df313964.csv: 5,666 rows
  exactEarth_20250819_015714Z_cda6aff2-15aa-429e-950e-dd1bd8329013.csv: 8,166 rows
  exactEarth_20250819_024050Z_dfa6efe5-2200-409e-b33c-9c7a2c3327ce.csv: 6,427 rows
  exactEarth_20250819_035559Z_f398c22f-6dac-46f4-96ce-4f3be643d1f4.csv: 8,241 rows
  exactEarth_20250819_044618Z_13fef53f-4231-4a59-8787-4afe0b53cf58.csv: 4,807 rows
  exactEarth_20250819_054140Z_b9ecfbb1-028c-464b-84a1-bcd2b8a1f0a3.csv: 5,025 rows
  exactEarth_20250819_064256Z_6cbeb4c0-b775-4111-b2d7-759319debb1b.csv: 5,887 rows
  exactEarth_20250819_075453Z_7d3a9891-e4b3-4b09-a3b9-449c1094ac47.csv: 5,905 rows
  exactEarth_20250819_084244Z_79e97f86-6fd4-4ce5-be6b-0d8df60cd6b4.csv: 4,865 rows
  exactEarth_20250819_095816Z_cd18b64a-68bb-4a2d-b01a-ca325a4ec258.csv: 6,329 rows
  exactEarth_20250819_104430Z_a5bd5c56-c904-4f61-8bf1-d411f97f8958.csv: 6,226 rows
  exactEarth_20250819_114251Z_85c85981-c24a-4f43-9df5-bedca17d78c8.csv: 6,338 rows
  exactEarth_20250819_124847Z_15081c5c-69d1-43db-8498-a7cc33d7f0d6.csv: 5,641 rows
  exactEarth_20250819_133952Z_d6ed4093-79bc-4f1c-8611-7aba7c3a1831.csv: 6,080 rows
  exactEarth_20250819_144917Z_e1f098e7-5f2c-4961-8ff1-648fbab97a7f.csv: 6,538 rows
  exactEarth_20250819_155410Z_38dbda20-2c1d-49b8-a11e-aeb0270d3fbb.csv: 7,108 rows
  exactEarth_20250819_165517Z_c4523480-3be5-4ba5-b238-d9cd9f6d540a.csv: 5,190 rows
  exactEarth_20250819_175429Z_0fa78432-6267-44c8-8381-6ec7d7a51197.csv: 6,001 rows
  exactEarth_20250819_185526Z_64f1bf03-a0d3-436f-b278-d3f0f12db9a3.csv: 3,395 rows
  exactEarth_20250819_194531Z_4e237764-c45c-4207-9c26-ebcff83cf3e9.csv: 5,562 rows
  exactEarth_20250819_204902Z_b9bba9aa-dcbd-4f40-801e-70bdf2569697.csv: 7,243 rows
  exactEarth_20250819_215641Z_7f54be16-fac9-474b-8c85-d62d63da56a9.csv: 6,202 rows
  exactEarth_20250819_224136Z_d855a216-2435-4f04-b4e0-507ae4e6768a.csv: 5,557 rows
  exactEarth_20250819_235557Z_936b77ec-2859-423c-bfa3-da1fdf02538f.csv: 5,785 rows
  exactEarth_20250820_005539Z_b9828aad-c4de-4d31-844f-4877103c0106.csv: 4,983 rows
  exactEarth_20250820_015200Z_878be362-3794-4d87-8704-1c831ed73b26.csv: 6,503 rows
  exactEarth_20250820_025409Z_bf4714f5-c51c-4dcc-9fd9-d00d6176ad75.csv: 6,721 rows
  exactEarth_20250820_034918Z_6187c2eb-eec6-487e-985d-012d796268e6.csv: 8,531 rows
  exactEarth_20250820_044623Z_c99abf75-4f24-4932-b2d8-0ef99b042339.csv: 5,222 rows
  exactEarth_20250820_055338Z_269246fd-067a-4f84-b81f-68d6115b106c.csv: 5,276 rows
  exactEarth_20250820_064217Z_31770acf-f4cd-4913-a145-3edb585bffa6.csv: 4,419 rows
  exactEarth_20250820_074028Z_3107bfa5-bb9d-4b58-b082-2e9f2978cf29.csv: 5,852 rows
  exactEarth_20250820_084558Z_783d44d5-5c5b-4fb8-bdea-5f653597d1e5.csv: 5,102 rows
  exactEarth_20250820_094549Z_4ecb2c2e-5d19-40d8-8329-ae9574c0bbf0.csv: 5,897 rows
  exactEarth_20250820_104409Z_45d6b1cc-2ca4-4432-9532-53b57f3fe65c.csv: 6,876 rows
  exactEarth_20250820_115154Z_08edabfd-7f76-4229-a83e-fed6c9d1839b.csv: 6,807 rows
  exactEarth_20250820_125257Z_5208c5ce-20cf-4821-9518-128c1f639bfa.csv: 6,563 rows
  exactEarth_20250820_135638Z_8e0a718b-fd51-440b-8465-552e3a144524.csv: 5,524 rows
  exactEarth_20250820_145731Z_a33015e6-4ee6-41c0-90b0-6cfc563c99a7.csv: 6,335 rows
  exactEarth_20250820_155523Z_db364549-7d53-45f6-8dcd-7612ada497ff.csv: 7,094 rows
  exactEarth_20250820_165702Z_7cd628bd-9a1e-44a0-bbba-6274b6fa469b.csv: 6,712 rows
  exactEarth_20250820_174732Z_8a187417-ccc6-4be6-b5fd-e354ad7d8b5a.csv: 7,884 rows
  exactEarth_20250820_185700Z_33aa3bc7-c4be-433a-8c44-286a0a3f40b3.csv: 5,787 rows
  exactEarth_20250820_195313Z_a599134a-028d-4d1c-8a3b-36d97f04418a.csv: 6,259 rows
  exactEarth_20250820_204803Z_b7efec26-a1c1-40b7-8b6e-187deb13ec61.csv: 8,943 rows
  exactEarth_20250820_214345Z_2a675f6d-4ae5-4caf-bbbe-882ced431d85.csv: 6,276 rows
  exactEarth_20250820_225637Z_aa47f470-257e-4e65-8506-35e737e32f2e.csv: 6,435 rows
  exactEarth_20250820_235742Z_4906a4e3-3580-4db8-9a7b-987929f7430c.csv: 6,238 rows
  exactEarth_20250821_005222Z_9d6fc735-8bcb-45e7-bb44-7f129d22acd7.csv: 6,338 rows
  exactEarth_20250821_014238Z_a97670b2-602c-487b-aa9a-eba61dd267a1.csv: 9,000 rows
  exactEarth_20250821_025748Z_50ffa34c-e584-4890-a4c0-e35cf9b43b04.csv: 8,462 rows
  exactEarth_20250821_034524Z_d8930dde-677d-438a-b8d3-f305024dcd3e.csv: 8,542 rows
  exactEarth_20250821_045537Z_e6a1b6fc-476e-4bbc-875a-4095094b7221.csv: 5,282 rows
  exactEarth_20250821_054412Z_c91618be-ca2b-4aa4-a19c-273b474f97b8.csv: 6,070 rows
  exactEarth_20250821_064836Z_9ee7c63b-225c-4781-b235-eb87212030f6.csv: 6,254 rows
  exactEarth_20250821_075500Z_b58b110e-206c-40ee-bba2-d7ae81671ead.csv: 4,784 rows
  exactEarth_20250821_084815Z_f4cb0039-562a-468e-afa0-ed972d666fc1.csv: 6,532 rows
  exactEarth_20250821_094152Z_2867e005-bc20-4916-9ddf-d63f60cdf876.csv: 6,625 rows
  exactEarth_20250821_104631Z_4bce26be-5342-42ae-b4aa-5ab7efb71369.csv: 6,909 rows
  exactEarth_20250821_114414Z_49517b9e-e11c-4daf-b08a-3b7a87d1edd4.csv: 7,507 rows
  exactEarth_20250821_124854Z_12aecc22-b960-4c30-88ab-dac66ae62dd9.csv: 6,177 rows
  exactEarth_20250821_134123Z_622fc91d-fa23-4b1a-a5f0-369cc8279d32.csv: 7,100 rows
  exactEarth_20250821_144405Z_43bd896b-8ff8-4f6d-99ae-267ce636fdca.csv: 8,607 rows
  exactEarth_20250821_155407Z_dcd63629-50e3-4cb0-b873-ad1baaa511be.csv: 7,215 rows
  exactEarth_20250821_164659Z_301a5f44-c99d-4712-9c21-66b006bfa278.csv: 6,149 rows
  exactEarth_20250821_175520Z_64d10ec6-729f-41ff-a414-87dbc661add8.csv: 6,280 rows
  exactEarth_20250821_184157Z_31a5b372-2923-4bbf-856b-dfa1bae58202.csv: 5,707 rows
  exactEarth_20250821_194134Z_a4a234f8-c3b6-4244-be4b-589286a99b9d.csv: 7,426 rows
  exactEarth_20250821_204807Z_cf3b921e-5778-43cb-bde3-7f6a0a76d24e.csv: 8,213 rows
  exactEarth_20250821_214011Z_fa5c1766-603a-4604-ac20-35ff92507d0b.csv: 7,300 rows
  exactEarth_20250821_225602Z_423e3644-0d3c-425a-b3fb-bb0f3c1e7e3c.csv: 7,070 rows
  exactEarth_20250821_234624Z_78c2909f-2b75-4be7-8af9-b3a27c58efa9.csv: 6,100 rows
  exactEarth_20250822_005743Z_49347bf0-0b4f-4d68-a78c-8c4c49f72183.csv: 5,504 rows
  exactEarth_20250822_015629Z_9d81624f-1d90-4380-84ae-ec4a0449e53f.csv: 8,643 rows
  exactEarth_20250822_025136Z_b769b316-7fee-4d6b-8bb4-0affd79c5d01.csv: 9,110 rows
  exactEarth_20250822_035419Z_e67b1df5-81ab-4f0d-9c3f-878b18c1f772.csv: 8,922 rows
  exactEarth_20250822_044723Z_c554d645-8ced-415d-8c54-66251bbded58.csv: 6,217 rows
  exactEarth_20250822_055438Z_26dd16b7-edf7-4d98-ba5d-8e6271894331.csv: 5,637 rows
  exactEarth_20250822_065128Z_2a2f3fb6-0cce-4253-a3c1-df833d1cb332.csv: 6,205 rows
  exactEarth_20250822_075127Z_1cf6d9a0-2510-4a6c-bc33-a110b510ecb4.csv: 6,681 rows
  exactEarth_20250822_085631Z_f8d76ca6-5743-47fb-9cdf-b8325b5667e8.csv: 5,518 rows
  exactEarth_20250822_095703Z_47caca32-2e0c-4b04-aa2e-fe1661f16a4a.csv: 7,437 rows
  exactEarth_20250822_103936Z_df8ae237-4b81-4648-a8b7-fdb028e021b1.csv: 6,747 rows
  exactEarth_20250822_115137Z_dfc8c4b5-afab-462d-a449-2078d17ed2e4.csv: 6,635 rows
  exactEarth_20250822_125241Z_bcab7a53-b54a-45fe-a137-39a561109b95.csv: 5,574 rows
  exactEarth_20250822_134042Z_ee4c330e-dc73-4c52-9a06-f65b2d40c36f.csv: 6,884 rows
  exactEarth_20250822_145738Z_ae05d06e-7937-414a-9255-a303ce79bc27.csv: 7,318 rows
  exactEarth_20250822_155103Z_704fd33a-b01b-45cb-bc96-9e1bb8ef3651.csv: 7,164 rows
  exactEarth_20250822_165633Z_25ba8cb8-d48e-4e7f-b8ec-748937cf2225.csv: 6,357 rows
  exactEarth_20250822_174533Z_410cde13-5803-4ffd-b120-3afdc9bbd3ca.csv: 6,982 rows
  exactEarth_20250822_185403Z_9e87dd28-c8a0-4d08-b91d-89b0d7693397.csv: 4,355 rows
  exactEarth_20250822_194152Z_8968918a-72a7-4d6f-a7d2-3a5bbb47d7b5.csv: 6,720 rows
  exactEarth_20250822_204348Z_a9f95411-76e9-4575-bbe3-3a8e21b19df1.csv: 7,712 rows
  exactEarth_20250822_215647Z_342149a2-a273-4247-ac5d-25ff7da317c3.csv: 6,391 rows
  exactEarth_20250822_224512Z_89b2a74f-dc9d-4da2-9224-b78b0594e681.csv: 5,656 rows
  exactEarth_20250822_234103Z_d6071d07-f402-4be5-a5d6-7ad8f29a92fe.csv: 5,606 rows
  exactEarth_20250823_005224Z_5ef52112-4790-459d-bb1d-9eaaa7e85ef5.csv: 5,468 rows
  exactEarth_20250823_015626Z_ba717507-d74c-4c0a-b9ad-5f07f5239990.csv: 8,486 rows
  exactEarth_20250823_025559Z_567b04bb-114b-419f-8a8c-2803f7f75b45.csv: 7,711 rows
  exactEarth_20250823_035547Z_8c80494c-7f83-4a7a-b7e5-ecded342264b.csv: 8,099 rows
  exactEarth_20250823_045658Z_27d380e0-6646-44b9-a644-2afbfcfad5b6.csv: 5,308 rows
  exactEarth_20250823_054302Z_71399b22-b07d-4ac6-aca1-c703d1ccf63d.csv: 5,814 rows
  exactEarth_20250823_063149Z_7afbbe94-5c19-40d7-8931-b40b29f57ddc.csv: 4,267 rows
  exactEarth_20250823_085125Z_8ea29b14-899f-4f51-852f-7dc8e5d43581.csv: 5,573 rows
  exactEarth_20250823_074634Z_f62abd37-7dcf-434b-a709-754b3966993e.csv: 6,558 rows
  exactEarth_20250823_095720Z_095e60b3-aa27-4fce-949f-972b53429b5d.csv: 5,645 rows
  exactEarth_20250823_104511Z_76ad965f-65d1-490a-9454-03edc0382eb7.csv: 6,718 rows
  exactEarth_20250823_124334Z_d4285045-3593-4e70-99d1-f2a79c11b858.csv: 5,708 rows
  exactEarth_20250823_115750Z_d6454cee-1d49-4790-a072-7cd206cfc32d.csv: 6,933 rows
  exactEarth_20250823_134038Z_5c2ca022-d61b-450d-9b18-f253e61dfda8.csv: 7,511 rows
  exactEarth_20250823_144415Z_c83f66c9-eeac-405f-b857-6e5c14fa8660.csv: 7,776 rows
  exactEarth_20250823_153130Z_7b6beaf2-e6ad-494b-b60b-64e0772f6060.csv: 6,685 rows
  exactEarth_20250823_154252Z_5647b736-fa55-4801-add9-3e3b622dacfc.csv: 6,705 rows
  exactEarth_20250823_175500Z_ad25b647-3460-448b-8ced-95e2a9bd7b35.csv: 7,300 rows
  exactEarth_20250823_185122Z_dbb51929-5648-4f39-9691-067291dd3e81.csv: 5,594 rows
  exactEarth_20250823_194922Z_248f9c2f-63e8-4628-bef8-9409e6229548.csv: 6,117 rows
  exactEarth_20250823_205145Z_93719e2e-9d69-410e-b5cd-383d7ac52507.csv: 8,516 rows
  exactEarth_20250823_214038Z_9bd37eb9-9768-47d5-87b9-fe724251667a.csv: 5,504 rows
  exactEarth_20250823_225222Z_da8b77b2-813c-4fe4-8c96-920e249d1e3c.csv: 6,273 rows
  exactEarth_20250823_162135Z_1593613f-6c78-4bba-86f4-6e86d3284f30.csv: 10,284 rows
  exactEarth_20250823_234209Z_a6d51704-ef8f-420c-a335-800c41a2e6c6.csv: 5,614 rows
  exactEarth_20250824_004158Z_b25a0ee4-e223-4f3d-96ed-a18e7e29ebb3.csv: 5,957 rows
  exactEarth_20250824_015738Z_bca3f191-176f-4f90-b20e-fb3485e37d6d.csv: 8,510 rows
  exactEarth_20250824_034016Z_4c1a1746-8c72-48a4-ad71-6aa3e0b663d6.csv: 9,132 rows
  exactEarth_20250824_044218Z_f579ecd0-7dcd-4add-bf92-af31808b6f08.csv: 5,805 rows
  exactEarth_20250824_055132Z_c1730751-86c0-4ef0-8a94-37627c212f71.csv: 6,506 rows
  exactEarth_20250824_064340Z_3e736dcf-64d2-40c5-9e86-225be8452911.csv: 7,429 rows
  exactEarth_20250824_075737Z_ae7427b5-ba70-44c0-8fda-fa3ff9dcdeba.csv: 5,954 rows
  exactEarth_20250824_083108Z_f21a913f-fae1-43ab-8cda-d3a8eb573ab3.csv: 6,979 rows
  exactEarth_20250824_094130Z_bd0c50e8-0bd0-4ccb-bc73-94b3f7d68553.csv: 6,334 rows
  exactEarth_20250824_104953Z_9c8948d8-7347-4cfb-a34a-e6c1f045a303.csv: 5,388 rows
  exactEarth_20250824_124115Z_aecc0c7f-437a-46ca-9751-dd61998aa3e8.csv: 5,524 rows
  exactEarth_20250824_114707Z_cb803c01-417f-4dfb-80a2-11f337ff9de9.csv: 6,421 rows
  exactEarth_20250824_134229Z_96684345-d5ac-47b6-b834-63e14d6cc38f.csv: 6,942 rows
  exactEarth_20250824_144253Z_d663a503-46d6-4c39-a9e8-35771882b835.csv: 6,559 rows
  exactEarth_20250824_164246Z_d8124bb8-07a4-466c-8a55-6ff61feb98f4.csv: 5,484 rows
  exactEarth_20250824_155100Z_05686ca6-5d87-4901-8b92-4d34bca36f0d.csv: 6,928 rows
  exactEarth_20250824_174223Z_186ff406-10ad-4d31-aad2-9aa8e7510d4e.csv: 5,016 rows
  exactEarth_20250824_185450Z_5b4664b9-f958-42e5-a5d1-09c5200d925b.csv: 5,257 rows
  exactEarth_20250824_205525Z_9124618d-ad3f-4e4e-848c-51fe2fdece24.csv: 6,944 rows
  exactEarth_20250824_195422Z_460a6ba1-4a48-4f40-8b01-7399619b1c3e.csv: 7,453 rows
  exactEarth_20250824_215040Z_ebd03cf8-f27f-4b7e-be5f-999741112a2b.csv: 6,053 rows
  exactEarth_20250824_225128Z_79a9f9c0-2bb5-4ab2-9a1f-2969633fd91b.csv: 6,245 rows
  exactEarth_20250824_234332Z_ed5efb39-4c96-4798-8d4c-f694fa892780.csv: 4,376 rows
  exactEarth_20250825_004057Z_9818bf2f-3ce2-48b8-856f-aeeacd0a0f45.csv: 5,631 rows
  exactEarth_20250825_015659Z_052b3fd7-a176-45e4-be78-450d566823af.csv: 8,305 rows
  exactEarth_20250825_025148Z_e1d2f9fe-f700-4868-835d-b13d053ee564.csv: 7,671 rows
  exactEarth_20250825_034207Z_95f507a1-68c6-42c0-a2a9-64241bf2784d.csv: 7,343 rows
  exactEarth_20250825_045819Z_3803ba85-d1a4-4b2c-9b9d-c283cc542020.csv: 6,393 rows
  exactEarth_20250825_055421Z_e0d0cbf4-e0ea-48e8-b2da-809296c61075.csv: 5,163 rows
  exactEarth_20250825_065206Z_805c5aec-da4f-43a0-8c94-83ccc1a3ab09.csv: 6,709 rows
  exactEarth_20250825_085258Z_47968292-65ec-4cec-b06f-c70cc9b18649.csv: 5,384 rows
  exactEarth_20250825_074144Z_78411463-4134-4e97-a713-8050979149db.csv: 5,841 rows
  exactEarth_20250825_094203Z_ed9cd876-4e13-4d80-a3ee-6550d19ae9c9.csv: 6,110 rows
  exactEarth_20250825_105732Z_38be1c9c-dbaa-46ff-a6d8-69e9d9d2c29f.csv: 5,685 rows
  exactEarth_20250825_115253Z_271ab627-19c8-46cf-8e98-88d98b94d838.csv: 6,169 rows
  exactEarth_20250825_125151Z_a7cdad87-5216-4788-89e1-3479b33fa566.csv: 5,774 rows
  exactEarth_20250825_134128Z_aed60afc-309f-4e9c-828e-c5a760aeaaef.csv: 5,758 rows
  exactEarth_20250825_143936Z_ff402e6e-ab70-427b-9598-3bb3b1b086f3.csv: 7,068 rows
  exactEarth_20250825_155036Z_b8734a70-0367-4af0-8961-275eebe7eedd.csv: 5,297 rows
  exactEarth_20250825_164734Z_7713cf3a-0cfb-42f2-863b-b701b64c9b07.csv: 4,154 rows
  exactEarth_20250825_175723Z_be50bbe0-0733-47ed-b3b8-5004caac0337.csv: 4,487 rows
  exactEarth_20250825_184521Z_a6cb8514-b4d7-470e-a000-966f5fc998c8.csv: 5,366 rows
  exactEarth_20250825_194320Z_a42686dc-ce86-48d1-ac2a-0d16a06a5d05.csv: 7,364 rows
  exactEarth_20250825_205458Z_d5b16513-03d8-4a4a-be1d-503494b4680e.csv: 6,740 rows
  exactEarth_20250825_215236Z_760f8293-fc2e-4b2b-b04b-fc2c0ea1d476.csv: 6,582 rows
  exactEarth_20250825_225239Z_0e9f6f09-10cc-49ed-9064-cf503919131b.csv: 5,781 rows
  exactEarth_20250825_234949Z_1c4643a2-f3c6-4fa9-a36a-6cd0fe821987.csv: 4,414 rows
  exactEarth_20250826_005748Z_a11e7a78-4a76-4d99-a703-b285e3ac8d25.csv: 4,703 rows
  exactEarth_20250826_015214Z_c4237f79-7478-4e9c-8e79-cc9b03a72898.csv: 7,870 rows
  exactEarth_20250826_024509Z_1927b3d5-616d-49a6-bbdf-aa664e9556c6.csv: 7,170 rows
  exactEarth_20250826_034443Z_6b3aa6d0-9720-499f-bff3-9fc3e90cc734.csv: 7,701 rows
  exactEarth_20250826_045515Z_b02b22d3-063b-4954-b0e6-c71dee481312.csv: 5,415 rows
  exactEarth_20250826_055241Z_d43f97da-f81e-4780-ba6f-a846f128fd43.csv: 6,026 rows
  exactEarth_20250826_064313Z_2a4795d0-4856-44f5-8044-257b7a402387.csv: 5,131 rows
  exactEarth_20250826_074009Z_1810c2b9-a40d-4bf7-84c9-1f83738cd672.csv: 7,080 rows
  exactEarth_20250826_080633Z_08c9194f-4c1d-41fe-8a31-09209134fa53.csv: 5,560 rows
  exactEarth_20250826_085107Z_76e66a10-0ac6-4503-9a09-a6c7b5eead13.csv: 5,922 rows
  exactEarth_20250826_105638Z_3e4c2336-5fed-4e9b-8344-46f6b56428c1.csv: 5,749 rows
  exactEarth_20250826_115559Z_238ff44b-7950-478c-afde-54162eb173ce.csv: 5,144 rows
  exactEarth_20250826_125843Z_79b10dd4-4c32-4842-9abe-2c0a18a1522f.csv: 4,882 rows
  exactEarth_20250826_134250Z_f2a711dc-92ea-48e4-9c15-d5b37092a3bf.csv: 6,837 rows
  exactEarth_20250826_143419Z_1c5a568f-1f08-4db4-8c59-23d828746df2.csv: 6,582 rows
  exactEarth_20250826_155219Z_473d0929-d3a8-4fca-bacb-2030b0f1e2b7.csv: 7,006 rows
  exactEarth_20250826_165644Z_3d2a2d02-f81e-4e3b-9f62-05d968267886.csv: 6,027 rows
  exactEarth_20250826_175652Z_384917f4-328c-4132-9d61-9b99881e3b05.csv: 5,158 rows
  exactEarth_20250826_185207Z_1e3890e8-efd4-4609-b914-28bd4de5922f.csv: 5,972 rows
  exactEarth_20250826_195735Z_8b35e01a-25b6-4cbe-935d-11175d2e5c94.csv: 7,049 rows
  exactEarth_20250826_205206Z_97fe1cda-5f41-4dbe-a006-bd495ee82cc6.csv: 8,959 rows
  exactEarth_20250826_215511Z_b5de5541-650d-4b34-8798-2301beeab163.csv: 6,581 rows
  exactEarth_20250826_225415Z_6bcdc293-55b8-4a06-97aa-c93609cc4ece.csv: 6,181 rows
  exactEarth_20250827_005638Z_509dc105-e999-46de-ae26-7e82bae67f16.csv: 6,091 rows
  exactEarth_20250826_235729Z_9bdb9fc6-7540-4e2d-9c6b-c690ba91e6b2.csv: 4,925 rows
  exactEarth_20250827_014016Z_d63140a0-94e6-4216-a9e9-18bdc7c334a6.csv: 8,378 rows
  exactEarth_20250827_025620Z_af1f5960-4d44-498e-88fc-688bc71d0c6d.csv: 10,641 rows
  exactEarth_20250827_034024Z_5dcc8095-5274-4120-b1c4-ea1224f63301.csv: 7,160 rows
  exactEarth_20250827_044249Z_687b211e-534f-40ed-850e-a9a8adc246c6.csv: 5,552 rows
  exactEarth_20250827_055434Z_68882f7c-e27e-4528-b0ac-3e6f6046989d.csv: 6,403 rows
  exactEarth_20250827_065558Z_14a112a4-6f83-4b42-8745-67872433794c.csv: 6,639 rows
  exactEarth_20250827_074206Z_babfcc1c-8b78-42c1-97e3-7dc371deb11a.csv: 5,693 rows
  exactEarth_20250827_084900Z_61c5b2a5-e9fb-4be6-aeb8-30f1b2222c33.csv: 6,301 rows
  exactEarth_20250827_095808Z_82cc58da-4475-41fb-b006-0e1cf2c674c4.csv: 5,990 rows
  exactEarth_20250827_104024Z_675a2752-0f31-4c45-b6e4-a0c6ea0fd659.csv: 6,789 rows
  exactEarth_20250827_115548Z_887335ad-6615-452d-a97e-d757a0c25020.csv: 6,590 rows
  exactEarth_20250827_124728Z_ae16f639-053d-47ec-9a6b-2c078e0f8fdb.csv: 5,798 rows
  exactEarth_20250827_134056Z_f1571775-3fd7-4475-bd60-6f0a11920da6.csv: 7,319 rows
  exactEarth_20250827_145722Z_0afdff55-2eaf-4e2e-bbcd-f6acaa3c50ce.csv: 8,009 rows
  exactEarth_20250827_154828Z_b6690d41-a78e-433c-92bd-1a0e96698560.csv: 7,077 rows
  exactEarth_20250827_165532Z_7dc5eb30-5e59-472b-8b3b-6a46d0ffd37c.csv: 6,571 rows
  exactEarth_20250827_174120Z_c995b5d9-006d-445b-b7d6-d050637b411b.csv: 4,435 rows
  exactEarth_20250827_184633Z_0594e8bd-0f61-44c9-8148-01f6cbb3a6e3.csv: 6,421 rows
  exactEarth_20250827_195805Z_cfebef25-003e-4e38-aaf1-5bbf1133c605.csv: 8,201 rows
  exactEarth_20250827_205818Z_e4275ee0-6d67-4624-a814-f90ebe297aaa.csv: 6,863 rows
  exactEarth_20250827_215559Z_4982e282-2ac9-4359-a538-b4607e360f23.csv: 6,501 rows
  exactEarth_20250827_225758Z_42abbac4-012b-4931-8323-aef4e228b16d.csv: 6,029 rows
  exactEarth_20250827_234938Z_abe130e0-23bc-4a0d-8b49-0ea8e114f28c.csv: 4,270 rows
  exactEarth_20250828_005319Z_616aed14-3458-411b-a749-74be5a61ba7b.csv: 5,619 rows
  exactEarth_20250828_014023Z_d51b5af6-f123-4ecb-9e91-d56b25c154bb.csv: 7,494 rows
  exactEarth_20250828_024022Z_ef843286-f211-4270-9942-66d8a76d8176.csv: 9,773 rows
  exactEarth_20250828_035737Z_e8f4993f-0b2e-4a71-8841-d6d486ab93f3.csv: 6,538 rows
  exactEarth_20250828_045410Z_a06c0e6a-af03-4c66-9eec-2c36856ee222.csv: 5,480 rows
  exactEarth_20250828_055746Z_c97e98e0-5b8f-47c1-b4bd-031754d6e239.csv: 4,754 rows
  exactEarth_20250828_065303Z_45d42a37-7a15-48fd-81fe-7972555bf68f.csv: 5,667 rows
  exactEarth_20250828_074650Z_71fe2bad-ff51-4fdd-947e-8cb49e528dc9.csv: 5,091 rows
  exactEarth_20250828_085048Z_c04036c7-1461-4075-8001-b782bcc4bea8.csv: 6,225 rows
  exactEarth_20250828_094449Z_9dcb5d88-46b9-4864-8742-68bfd86cdff4.csv: 6,196 rows
  exactEarth_20250828_103923Z_2e077c5e-713e-4496-ab7d-a6c1543cb59b.csv: 6,241 rows
  exactEarth_20250828_114422Z_0e01e525-6c88-4d31-808c-9beaae7c2d8c.csv: 5,752 rows
  exactEarth_20250828_124229Z_4907e258-e572-4df7-98e8-4ee92ae098b0.csv: 5,076 rows
  exactEarth_20250828_135145Z_d200a6b9-5558-45a0-bd86-0ffe71cc8edf.csv: 5,387 rows
  exactEarth_20250828_145556Z_7039d568-83ae-4306-aac0-02785da9093a.csv: 6,325 rows
  exactEarth_20250828_155113Z_6a83a791-db31-4abd-9203-caf838a2f2ca.csv: 4,933 rows
  exactEarth_20250828_164845Z_83cf40cc-1579-4f57-a265-3d9ea88b551a.csv: 3,394 rows
  exactEarth_20250828_174839Z_2e6c47cf-ff32-417f-8c4d-be6ecca6348a.csv: 5,463 rows
  exactEarth_20250828_184855Z_7e172a87-7419-4bb0-a7b9-10846ff29879.csv: 5,235 rows
  exactEarth_20250828_205734Z_14259964-9b10-4a52-b4d9-b31f1bf229cb.csv: 5,840 rows
  exactEarth_20250828_195122Z_17fc5b34-3b70-4980-93d7-c92173b3e432.csv: 7,754 rows
  exactEarth_20250828_214430Z_51d3e8bb-02b1-41f1-bc88-85fe69fff9ef.csv: 6,684 rows
  exactEarth_20250828_224720Z_6a673b4d-fa63-4a1c-88f4-8d43826a2f69.csv: 5,108 rows
  exactEarth_20250828_234803Z_4adf549c-e12f-4db4-900d-65a4f806281d.csv: 4,391 rows
  exactEarth_20250829_005741Z_dbcd908e-48b7-45c8-ae10-c3851ea6d0ce.csv: 5,092 rows
  exactEarth_20250829_015841Z_a81b6280-f3cd-4c8a-ae2d-9a32cdb3da2e.csv: 8,427 rows
  exactEarth_20250829_025739Z_40084ae0-4d19-4702-bc00-516cacad7964.csv: 7,776 rows
  exactEarth_20250829_035449Z_2dfb93b3-8afe-43b5-ae18-43b7f5fe93d0.csv: 6,893 rows
  exactEarth_20250829_044119Z_d1cf67a6-b1d1-4255-9450-686ea5f09d10.csv: 5,369 rows
  exactEarth_20250829_054256Z_7dbae478-5332-46ac-bd0a-74fc1adbb0ce.csv: 5,214 rows
  exactEarth_20250829_064046Z_758f5976-53de-47a1-a99d-31b0d434b705.csv: 5,104 rows
  exactEarth_20250829_074205Z_737a8fd0-c021-4f68-a5fd-962d64692af1.csv: 4,982 rows
  exactEarth_20250829_085348Z_3fb07e88-61f2-4dee-b01d-deaf11b69c2d.csv: 5,959 rows
  exactEarth_20250829_094549Z_33f45ee8-4b04-493b-9a9b-bda4058cdf1a.csv: 5,757 rows
  exactEarth_20250829_105804Z_9e712623-467b-4ebe-86ca-b428f00dc6a1.csv: 5,746 rows
  exactEarth_20250829_115349Z_229e8ead-6b19-4df8-ba34-1de219c395d7.csv: 5,672 rows
  exactEarth_20250829_124719Z_05648e04-c0dc-4081-9bed-2946dc463108.csv: 5,061 rows
  exactEarth_20250829_133721Z_4e81beaa-b8e2-4f32-9399-247b3f91a676.csv: 5,775 rows
  exactEarth_20250829_143348Z_e1b55e95-ac10-4827-b00a-2b61a4953543.csv: 4,982 rows
  exactEarth_20250829_164856Z_faff20d7-2711-4fae-a984-1762f2cba47f.csv: 5,641 rows
  exactEarth_20250829_154327Z_11ae3323-1e9d-4692-a973-fa6374792cae.csv: 10,539 rows
  exactEarth_20250829_175713Z_f936c7a2-51ec-4661-a974-62f54d639d14.csv: 6,283 rows
  exactEarth_20250829_185707Z_26a8b5ac-fa39-4efb-ad6a-0aa91be2bca3.csv: 6,500 rows
  exactEarth_20250829_195330Z_3296c3a6-2cee-4def-b47f-c456beea0c14.csv: 7,191 rows
  exactEarth_20250829_205647Z_c50b3b03-7a7d-46a4-a0a5-c6f582c59036.csv: 7,337 rows
  exactEarth_20250829_214531Z_e93401c2-32a3-4eeb-8e4e-acb02cd5751e.csv: 6,262 rows
  exactEarth_20250829_224346Z_e12a33cd-ca91-4184-ba27-771100709e16.csv: 5,156 rows
  exactEarth_20250829_234802Z_e705945f-860d-4277-8986-24424176b968.csv: 4,105 rows
  exactEarth_20250829_235356Z_65ab204a-f952-484e-856e-c732de4a4f91.csv: 8,211 rows
  exactEarth_20250830_004405Z_5f27460e-5e4f-43b8-ab06-a99538c3cd6c.csv: 4,784 rows
  exactEarth_20250830_014218Z_cf6ea6fa-b1c2-4bc1-abb3-5a48334df9df.csv: 6,405 rows
  exactEarth_20250830_035653Z_a9582bcf-cb87-49ef-8de7-8ed74602db3c.csv: 6,808 rows
  exactEarth_20250830_045229Z_318c889d-eaea-449d-bcbe-aee45592e0d9.csv: 4,350 rows
  exactEarth_20250830_054026Z_329da9e2-704b-48f9-894f-61a0560006a3.csv: 4,582 rows
  exactEarth_20250830_065756Z_faf7828f-8929-4a9e-b83d-a0260d3d0f08.csv: 5,407 rows
  exactEarth_20250830_074654Z_2c483edc-543a-4223-9ef6-f3e249e1e970.csv: 4,695 rows
  exactEarth_20250830_084001Z_4461f711-4168-4c9b-9157-7db0dcc28491.csv: 5,714 rows
  exactEarth_20250830_094300Z_6080c7fb-140c-41cf-9f67-8719f66e0ceb.csv: 5,278 rows
  exactEarth_20250830_105420Z_363d25ba-3a57-41e3-9f1e-d328555bec19.csv: 6,080 rows
  exactEarth_20250830_114841Z_041c2e7a-d7c9-496d-b48b-70252a492c79.csv: 5,701 rows
  exactEarth_20250830_125310Z_32ca8597-663c-4c28-aaa7-ee451a65b721.csv: 4,588 rows
  exactEarth_20250830_135321Z_4abe17de-6c18-4266-8645-653d21fd7234.csv: 4,643 rows
  exactEarth_20250830_144200Z_29813d4d-68eb-473b-8be8-0c0974cb1a44.csv: 7,354 rows
  exactEarth_20250830_175008Z_b4c0f821-e63f-4f88-acf0-d8808d75e228.csv: 2,610 rows
  exactEarth_20250830_154118Z_1a1d58d8-7a01-4798-8501-77c6362c04b9.csv: 6,566 rows
  exactEarth_20250830_164342Z_7d97220a-286c-4b64-83e8-4f37e3b8d5e6.csv: 5,729 rows
  exactEarth_20250830_184547Z_46b885b7-5358-426f-800a-353364ca724b.csv: 1,062 rows
  exactEarth_20250830_194258Z_e0297798-95cb-44e3-bce7-e3a87353b3f3.csv: 2,466 rows
  exactEarth_20250830_204424Z_59279950-7f48-496c-ab4b-b6b2153d85c0.csv: 5,037 rows
  exactEarth_20250830_215039Z_d15024fb-fa86-44e9-907e-fdb1f7c4b2e7.csv: 5,093 rows
  exactEarth_20250830_225742Z_4b44a8e1-a2fc-408d-bd72-ed5831533dd0.csv: 4,490 rows
  exactEarth_20250830_235741Z_44a1d612-6c89-4c4f-a4a1-9af3569c486b.csv: 3,971 rows
  exactEarth_20250831_005601Z_fab311ad-929c-4128-aab3-4b56559b0472.csv: 4,974 rows
  exactEarth_20250831_012517Z_b7f07cd4-6f19-4fea-b246-7b5cefc1ea5e.csv: 8,714 rows
  exactEarth_20250831_024058Z_ccc88650-c6ac-4c26-9267-899a5b524c60.csv: 9,299 rows
  exactEarth_20250831_035014Z_c3a730a3-ba3a-447b-adf1-8231d14a9a1e.csv: 6,820 rows
  exactEarth_20250831_044551Z_c9f1c13c-d435-491e-be95-d82ca36670be.csv: 5,461 rows
  exactEarth_20250831_055821Z_69878cfc-24e7-46b8-83e1-3c878929eb89.csv: 4,091 rows
  exactEarth_20250831_064522Z_32d70cf4-b28e-402b-aed0-cf7b2ae203d6.csv: 5,694 rows
  exactEarth_20250831_075125Z_a1babae4-35a9-4b97-8496-f17544510c0d.csv: 5,433 rows
  exactEarth_20250831_082351Z_08a60442-8f80-4fd1-be5a-23c2fcfae2db.csv: 5,850 rows
  exactEarth_20250831_094325Z_29e615ef-76b2-40a4-9220-eaa9dcf9de5d.csv: 5,626 rows
  exactEarth_20250831_104746Z_b264bdd4-d58b-4319-8296-b94525cdd681.csv: 7,108 rows
  exactEarth_20250831_115747Z_f3570026-ce70-417a-9d1f-f0b9ff5227b3.csv: 5,811 rows
  exactEarth_20250831_124750Z_f219bfc0-3963-45da-887e-f46b828516e6.csv: 5,994 rows
  exactEarth_20250831_134806Z_124abc06-1910-4207-9e5a-b7c04497a2c7.csv: 6,840 rows
  exactEarth_20250831_144523Z_9f0f834b-06b0-4bda-894c-65eedb7f6427.csv: 8,024 rows
  exactEarth_20250831_154227Z_7bc70396-087e-4f41-bec1-cd5c2b8014bf.csv: 6,626 rows
  exactEarth_20250831_175721Z_1885869a-b075-4884-b1f5-fa47360ba9db.csv: 6,061 rows
  exactEarth_20250831_164331Z_1e57f8de-b57c-49ad-a64e-e14310f2ffd3.csv: 6,610 rows
  exactEarth_20250831_185041Z_553d85b2-ef63-453d-b79d-50bf50da20d3.csv: 7,095 rows
  exactEarth_20250831_195812Z_20c5cb73-602d-4787-9c72-ad5e3300c741.csv: 8,252 rows
  exactEarth_20250831_213838Z_3bee762b-ff5e-4da8-9c9c-6772c901b00d.csv: 6,897 rows
  exactEarth_20250831_204338Z_d37bfabe-51c7-491c-9098-fa9f8b94a54e.csv: 6,050 rows
  exactEarth_20250831_225102Z_438cd6b7-90a3-43e3-b925-bff8995123cd.csv: 4,771 rows

Done. 4,835,794 positions loaded, 0 skipped.
